<?xml version="1.0" encoding="UTF-8"?>
<coverage generated="1727957393">
  <project timestamp="1727957393">
    <file name="/home/runner/work/laravel-eloquent-relationships/laravel-eloquent-relationships/src/RelationMethods.php">
      <class name="EloquentRelationships\RelationMethods" namespace="global">
        <metrics complexity="1" methods="1" coveredmethods="1" conditionals="0" coveredconditionals="0" statements="1" coveredstatements="1" elements="2" coveredelements="2"/>
      </class>
      <line num="19" type="method" name="values" visibility="public" complexity="1" crap="1" count="2"/>
      <line num="21" type="stmt" count="2"/>
      <metrics loc="24" ncloc="24" classes="1" methods="1" coveredmethods="1" conditionals="0" coveredconditionals="0" statements="1" coveredstatements="1" elements="2" coveredelements="2"/>
    </file>
    <file name="/home/runner/work/laravel-eloquent-relationships/laravel-eloquent-relationships/src/Relations.php">
      <class name="EloquentRelationships\Relations" namespace="global">
        <metrics complexity="8" methods="4" coveredmethods="3" conditionals="0" coveredconditionals="0" statements="32" coveredstatements="31" elements="36" coveredelements="34"/>
      </class>
      <line num="16" type="method" name="__construct" visibility="public" complexity="1" crap="1" count="2"/>
      <line num="18" type="stmt" count="2"/>
      <line num="22" type="method" name="all" visibility="public" complexity="1" crap="1" count="1"/>
      <line num="24" type="stmt" count="1"/>
      <line num="27" type="method" name="getByMethod" visibility="public" complexity="1" crap="1" count="2"/>
      <line num="29" type="stmt" count="2"/>
      <line num="32" type="method" name="initRelations" visibility="protected" complexity="5" crap="5" count="2"/>
      <line num="34" type="stmt" count="2"/>
      <line num="35" type="stmt" count="2"/>
      <line num="36" type="stmt" count="2"/>
      <line num="37" type="stmt" count="2"/>
      <line num="38" type="stmt" count="2"/>
      <line num="39" type="stmt" count="2"/>
      <line num="40" type="stmt" count="2"/>
      <line num="41" type="stmt" count="2"/>
      <line num="42" type="stmt" count="2"/>
      <line num="43" type="stmt" count="2"/>
      <line num="44" type="stmt" count="2"/>
      <line num="45" type="stmt" count="2"/>
      <line num="46" type="stmt" count="2"/>
      <line num="47" type="stmt" count="2"/>
      <line num="50" type="stmt" count="2"/>
      <line num="51" type="stmt" count="2"/>
      <line num="52" type="stmt" count="2"/>
      <line num="53" type="stmt" count="2"/>
      <line num="54" type="stmt" count="2"/>
      <line num="56" type="stmt" count="2"/>
      <line num="57" type="stmt" count="0"/>
      <line num="60" type="stmt" count="2"/>
      <line num="61" type="stmt" count="2"/>
      <line num="62" type="stmt" count="2"/>
      <line num="63" type="stmt" count="2"/>
      <line num="64" type="stmt" count="2"/>
      <line num="65" type="stmt" count="2"/>
      <line num="66" type="stmt" count="2"/>
      <line num="67" type="stmt" count="2"/>
      <metrics loc="70" ncloc="70" classes="1" methods="4" coveredmethods="3" conditionals="0" coveredconditionals="0" statements="32" coveredstatements="31" elements="36" coveredelements="34"/>
    </file>
    <metrics files="2" loc="94" ncloc="94" classes="2" methods="5" coveredmethods="4" conditionals="0" coveredconditionals="0" statements="33" coveredstatements="32" elements="38" coveredelements="36"/>
  </project>
</coverage>
